<?xml version="1.0" encoding="UTF-8"?>
<!-- Generated by org.testng.reporters.JUnitReportReporter -->
<testsuite hostname="DESKTOP-80945EE" failures="0" tests="1" name="TestScenarios.RegisterTest" time="26.640" errors="0" timestamp="2023-09-10T23:16:25 IST" skipped="0">
  <testcase classname="TestScenarios.RegisterTest" name="RegWithAllData" time="26.640"/>
  <system-out/>
</testsuite> <!-- TestScenarios.RegisterTest -->
